2022-06-01 00:00:54,493 INFO org.springframework.boot.StartupInfoLogger [restartedMain] Starting YankiApplication using Java 11.0.15 on CristianM with PID 35232 (C:\Cristian\Cursos\Everis-Microservicios\Proyectos\Workspace2\YankiService\target\classes started by Cristian Muñoz in C:\Cristian\Cursos\Everis-Microservicios\Proyectos\Workspace2\YankiService)
2022-06-01 00:00:54,496 INFO org.springframework.boot.SpringApplication [restartedMain] No active profile set, falling back to 1 default profile: "default"
2022-06-01 00:00:57,164 INFO com.group7.yanki.serviceimpl.ListenService [restartedMain] inicia yanki
2022-06-01 00:01:09,310 INFO org.springframework.boot.StartupInfoLogger [restartedMain] Started YankiApplication in 16.201 seconds (JVM running for 16.859)
2022-06-01 00:01:34,390 INFO com.group7.yanki.serviceimpl.AccountServiceImpl [KafkaConsumerDestination{consumerDestinationName='t0w7xm87-bootcointoyanki', partitions=5, dlqName='null'}.container-0-C-1] inicia getByPhone: 991111112
2022-06-01 00:04:12,830 INFO com.group7.yanki.serviceimpl.AccountServiceImpl [reactor-http-nio-3] inicia getByPhone: 991111112
2022-06-01 00:05:03,618 INFO com.group7.yanki.serviceimpl.AccountServiceImpl [KafkaConsumerDestination{consumerDestinationName='t0w7xm87-bootcointoyanki', partitions=5, dlqName='null'}.container-0-C-1] inicia getByPhone: 991111112
2022-06-01 00:05:38,592 INFO org.springframework.boot.StartupInfoLogger [restartedMain] Starting YankiApplication using Java 11.0.15 on CristianM with PID 40872 (C:\Cristian\Cursos\Everis-Microservicios\Proyectos\Workspace2\YankiService\target\classes started by Cristian Muñoz in C:\Cristian\Cursos\Everis-Microservicios\Proyectos\Workspace2\YankiService)
2022-06-01 00:05:38,594 INFO org.springframework.boot.SpringApplication [restartedMain] No active profile set, falling back to 1 default profile: "default"
2022-06-01 00:05:41,470 INFO com.group7.yanki.serviceimpl.ListenService [restartedMain] inicia yanki
2022-06-01 00:05:52,792 INFO org.springframework.boot.StartupInfoLogger [restartedMain] Started YankiApplication in 15.658 seconds (JVM running for 16.301)
2022-06-01 00:06:14,518 INFO com.group7.yanki.serviceimpl.AccountServiceImpl [KafkaConsumerDestination{consumerDestinationName='t0w7xm87-bootcointoyanki', partitions=5, dlqName='null'}.container-0-C-1] inicia getByPhone: 991111112
2022-06-01 00:08:25,372 INFO org.springframework.boot.StartupInfoLogger [restartedMain] Starting YankiApplication using Java 11.0.15 on CristianM with PID 23108 (C:\Cristian\Cursos\Everis-Microservicios\Proyectos\Workspace2\YankiService\target\classes started by Cristian Muñoz in C:\Cristian\Cursos\Everis-Microservicios\Proyectos\Workspace2\YankiService)
2022-06-01 00:08:25,374 INFO org.springframework.boot.SpringApplication [restartedMain] No active profile set, falling back to 1 default profile: "default"
2022-06-01 00:08:55,433 INFO org.springframework.boot.StartupInfoLogger [restartedMain] Starting YankiApplication using Java 11.0.15 on CristianM with PID 32172 (C:\Cristian\Cursos\Everis-Microservicios\Proyectos\Workspace2\YankiService\target\classes started by Cristian Muñoz in C:\Cristian\Cursos\Everis-Microservicios\Proyectos\Workspace2\YankiService)
2022-06-01 00:08:55,435 INFO org.springframework.boot.SpringApplication [restartedMain] No active profile set, falling back to 1 default profile: "default"
2022-06-01 00:09:10,397 INFO org.springframework.boot.StartupInfoLogger [restartedMain] Started YankiApplication in 16.339 seconds (JVM running for 17.007)
2022-06-01 00:09:30,486 INFO com.group7.yanki.serviceimpl.AccountServiceImpl [KafkaConsumerDestination{consumerDestinationName='t0w7xm87-bootcointoyanki', partitions=5, dlqName='null'}.container-0-C-1] inicia getByPhone: 991111112
2022-06-01 00:11:13,046 INFO org.springframework.boot.StartupInfoLogger [restartedMain] Starting YankiApplication using Java 11.0.15 on CristianM with PID 4640 (C:\Cristian\Cursos\Everis-Microservicios\Proyectos\Workspace2\YankiService\target\classes started by Cristian Muñoz in C:\Cristian\Cursos\Everis-Microservicios\Proyectos\Workspace2\YankiService)
2022-06-01 00:11:13,047 INFO org.springframework.boot.SpringApplication [restartedMain] No active profile set, falling back to 1 default profile: "default"
2022-06-01 00:11:27,678 INFO org.springframework.boot.StartupInfoLogger [restartedMain] Started YankiApplication in 16.466 seconds (JVM running for 17.135)
2022-06-01 00:13:02,204 INFO org.springframework.boot.StartupInfoLogger [restartedMain] Starting YankiApplication using Java 11.0.15 on CristianM with PID 8600 (C:\Cristian\Cursos\Everis-Microservicios\Proyectos\Workspace2\YankiService\target\classes started by Cristian Muñoz in C:\Cristian\Cursos\Everis-Microservicios\Proyectos\Workspace2\YankiService)
2022-06-01 00:13:02,205 INFO org.springframework.boot.SpringApplication [restartedMain] No active profile set, falling back to 1 default profile: "default"
2022-06-01 00:13:16,891 INFO org.springframework.boot.StartupInfoLogger [restartedMain] Started YankiApplication in 16.086 seconds (JVM running for 16.775)
2022-06-01 00:14:42,214 INFO org.springframework.boot.StartupInfoLogger [restartedMain] Starting YankiApplication using Java 11.0.15 on CristianM with PID 39612 (C:\Cristian\Cursos\Everis-Microservicios\Proyectos\Workspace2\YankiService\target\classes started by Cristian Muñoz in C:\Cristian\Cursos\Everis-Microservicios\Proyectos\Workspace2\YankiService)
2022-06-01 00:14:42,216 INFO org.springframework.boot.SpringApplication [restartedMain] No active profile set, falling back to 1 default profile: "default"
2022-06-01 00:14:56,782 INFO org.springframework.boot.StartupInfoLogger [restartedMain] Started YankiApplication in 16.197 seconds (JVM running for 16.862)
2022-06-01 00:14:58,988 INFO com.group7.yanki.serviceimpl.AccountServiceImpl [nioEventLoopGroup-6-7] Updated account with phone: 991111225
2022-06-01 00:15:01,635 INFO com.group7.yanki.serviceimpl.AccountServiceImpl [nioEventLoopGroup-6-7] Updated account with phone: 991111225
2022-06-01 00:15:09,768 INFO com.group7.yanki.serviceimpl.AccountServiceImpl [nioEventLoopGroup-6-7] Updated account with phone: 991111225
2022-06-01 00:15:11,918 INFO com.group7.yanki.serviceimpl.AccountServiceImpl [nioEventLoopGroup-6-7] Updated account with phone: 991111225
2022-06-01 00:15:17,418 INFO com.group7.yanki.serviceimpl.AccountServiceImpl [KafkaConsumerDestination{consumerDestinationName='t0w7xm87-bootcointoyanki', partitions=5, dlqName='null'}.container-0-C-1] inicia getByPhone: 991111112
2022-06-01 00:15:31,059 INFO com.group7.yanki.serviceimpl.AccountServiceImpl [KafkaConsumerDestination{consumerDestinationName='t0w7xm87-bootcointoyanki', partitions=5, dlqName='null'}.container-0-C-1] inicia getByPhone: 991111112
2022-06-01 00:17:02,308 INFO org.springframework.boot.StartupInfoLogger [restartedMain] Starting YankiApplication using Java 11.0.15 on CristianM with PID 10016 (C:\Cristian\Cursos\Everis-Microservicios\Proyectos\Workspace2\YankiService\target\classes started by Cristian Muñoz in C:\Cristian\Cursos\Everis-Microservicios\Proyectos\Workspace2\YankiService)
2022-06-01 00:17:02,310 INFO org.springframework.boot.SpringApplication [restartedMain] No active profile set, falling back to 1 default profile: "default"
2022-06-01 00:17:16,630 INFO org.springframework.boot.StartupInfoLogger [restartedMain] Started YankiApplication in 15.722 seconds (JVM running for 16.362)
2022-06-01 00:17:39,664 INFO com.group7.yanki.serviceimpl.AccountServiceImpl [KafkaConsumerDestination{consumerDestinationName='t0w7xm87-bootcointoyanki', partitions=5, dlqName='null'}.container-0-C-1] inicia getByPhone: 991111112
2022-06-01 00:18:19,550 INFO org.springframework.boot.StartupInfoLogger [restartedMain] Starting YankiApplication using Java 11.0.15 on CristianM with PID 36916 (C:\Cristian\Cursos\Everis-Microservicios\Proyectos\Workspace2\YankiService\target\classes started by Cristian Muñoz in C:\Cristian\Cursos\Everis-Microservicios\Proyectos\Workspace2\YankiService)
2022-06-01 00:18:19,551 INFO org.springframework.boot.SpringApplication [restartedMain] No active profile set, falling back to 1 default profile: "default"
2022-06-01 00:18:33,748 INFO org.springframework.boot.StartupInfoLogger [restartedMain] Started YankiApplication in 15.538 seconds (JVM running for 16.184)
2022-06-01 00:18:54,354 INFO com.group7.yanki.serviceimpl.AccountServiceImpl [KafkaConsumerDestination{consumerDestinationName='t0w7xm87-bootcointoyanki', partitions=5, dlqName='null'}.container-0-C-1] inicia getByPhone: 991111112
2022-06-01 00:22:02,730 INFO org.springframework.boot.StartupInfoLogger [restartedMain] Starting YankiApplication using Java 11.0.15 on CristianM with PID 31968 (C:\Cristian\Cursos\Everis-Microservicios\Proyectos\Workspace2\YankiService\target\classes started by Cristian Muñoz in C:\Cristian\Cursos\Everis-Microservicios\Proyectos\Workspace2\YankiService)
2022-06-01 00:22:02,732 INFO org.springframework.boot.SpringApplication [restartedMain] No active profile set, falling back to 1 default profile: "default"
2022-06-01 00:22:17,867 INFO org.springframework.boot.StartupInfoLogger [restartedMain] Started YankiApplication in 16.517 seconds (JVM running for 17.178)
2022-06-01 00:22:18,859 INFO com.group7.yanki.serviceimpl.AccountServiceImpl [nioEventLoopGroup-6-7] Updated account with phone: 991111225
2022-06-01 00:22:22,613 INFO com.group7.yanki.serviceimpl.AccountServiceImpl [nioEventLoopGroup-6-7] Updated account with phone: 991111225
2022-06-01 00:22:25,222 INFO com.group7.yanki.serviceimpl.AccountServiceImpl [nioEventLoopGroup-6-7] Updated account with phone: 991111225
2022-06-01 00:22:27,023 INFO com.group7.yanki.serviceimpl.AccountServiceImpl [nioEventLoopGroup-6-7] Updated account with phone: 991111225
2022-06-01 00:22:30,772 INFO com.group7.yanki.serviceimpl.AccountServiceImpl [nioEventLoopGroup-6-7] Updated account with phone: 991111225
2022-06-01 00:22:37,547 INFO com.group7.yanki.serviceimpl.AccountServiceImpl [KafkaConsumerDestination{consumerDestinationName='t0w7xm87-bootcointoyanki', partitions=5, dlqName='null'}.container-0-C-1] inicia getByPhone: 991111112
2022-06-01 00:26:53,496 INFO org.springframework.boot.StartupInfoLogger [restartedMain] Starting YankiApplication using Java 11.0.15 on CristianM with PID 36592 (C:\Cristian\Cursos\Everis-Microservicios\Proyectos\Workspace2\YankiService\target\classes started by Cristian Muñoz in C:\Cristian\Cursos\Everis-Microservicios\Proyectos\Workspace2\YankiService)
2022-06-01 00:26:53,498 INFO org.springframework.boot.SpringApplication [restartedMain] No active profile set, falling back to 1 default profile: "default"
2022-06-01 00:27:08,369 INFO org.springframework.boot.StartupInfoLogger [restartedMain] Started YankiApplication in 16.218 seconds (JVM running for 16.897)
2022-06-01 00:30:42,183 INFO org.springframework.boot.StartupInfoLogger [restartedMain] Starting YankiApplication using Java 11.0.15 on CristianM with PID 40336 (C:\Cristian\Cursos\Everis-Microservicios\Proyectos\Workspace2\YankiService\target\classes started by Cristian Muñoz in C:\Cristian\Cursos\Everis-Microservicios\Proyectos\Workspace2\YankiService)
2022-06-01 00:30:42,184 INFO org.springframework.boot.SpringApplication [restartedMain] No active profile set, falling back to 1 default profile: "default"
2022-06-01 00:30:57,262 INFO org.springframework.boot.StartupInfoLogger [restartedMain] Started YankiApplication in 16.443 seconds (JVM running for 17.134)
2022-06-01 00:33:09,026 INFO org.springframework.boot.StartupInfoLogger [restartedMain] Starting YankiApplication using Java 11.0.15 on CristianM with PID 31900 (C:\Cristian\Cursos\Everis-Microservicios\Proyectos\Workspace2\YankiService\target\classes started by Cristian Muñoz in C:\Cristian\Cursos\Everis-Microservicios\Proyectos\Workspace2\YankiService)
2022-06-01 00:33:09,028 INFO org.springframework.boot.SpringApplication [restartedMain] No active profile set, falling back to 1 default profile: "default"
2022-06-01 00:33:33,485 INFO org.springframework.boot.StartupInfoLogger [restartedMain] Starting YankiApplication using Java 11.0.15 on CristianM with PID 39212 (C:\Cristian\Cursos\Everis-Microservicios\Proyectos\Workspace2\YankiService\target\classes started by Cristian Muñoz in C:\Cristian\Cursos\Everis-Microservicios\Proyectos\Workspace2\YankiService)
2022-06-01 00:33:33,486 INFO org.springframework.boot.SpringApplication [restartedMain] No active profile set, falling back to 1 default profile: "default"
2022-06-01 00:33:51,066 INFO org.springframework.boot.StartupInfoLogger [restartedMain] Starting YankiApplication using Java 11.0.15 on CristianM with PID 14752 (C:\Cristian\Cursos\Everis-Microservicios\Proyectos\Workspace2\YankiService\target\classes started by Cristian Muñoz in C:\Cristian\Cursos\Everis-Microservicios\Proyectos\Workspace2\YankiService)
2022-06-01 00:33:51,067 INFO org.springframework.boot.SpringApplication [restartedMain] No active profile set, falling back to 1 default profile: "default"
2022-06-01 00:34:06,672 INFO org.springframework.boot.StartupInfoLogger [restartedMain] Started YankiApplication in 17.006 seconds (JVM running for 17.665)
2022-06-01 00:35:34,866 INFO org.springframework.boot.StartupInfoLogger [restartedMain] Starting YankiApplication using Java 11.0.15 on CristianM with PID 40108 (C:\Cristian\Cursos\Everis-Microservicios\Proyectos\Workspace2\YankiService\target\classes started by Cristian Muñoz in C:\Cristian\Cursos\Everis-Microservicios\Proyectos\Workspace2\YankiService)
2022-06-01 00:35:34,867 INFO org.springframework.boot.SpringApplication [restartedMain] No active profile set, falling back to 1 default profile: "default"
2022-06-01 00:35:49,871 INFO org.springframework.boot.StartupInfoLogger [restartedMain] Started YankiApplication in 16.394 seconds (JVM running for 17.05)
2022-06-01 00:39:37,821 INFO org.springframework.boot.StartupInfoLogger [restartedMain] Starting YankiApplication using Java 11.0.15 on CristianM with PID 40656 (C:\Cristian\Cursos\Everis-Microservicios\Proyectos\Workspace2\YankiService\target\classes started by Cristian Muñoz in C:\Cristian\Cursos\Everis-Microservicios\Proyectos\Workspace2\YankiService)
2022-06-01 00:39:37,822 INFO org.springframework.boot.SpringApplication [restartedMain] No active profile set, falling back to 1 default profile: "default"
2022-06-01 00:39:53,290 INFO org.springframework.boot.StartupInfoLogger [restartedMain] Started YankiApplication in 16.867 seconds (JVM running for 17.602)
2022-06-01 00:41:53,080 INFO org.springframework.boot.StartupInfoLogger [restartedMain] Starting YankiApplication using Java 11.0.15 on CristianM with PID 35348 (C:\Cristian\Cursos\Everis-Microservicios\Proyectos\Workspace2\YankiService\target\classes started by Cristian Muñoz in C:\Cristian\Cursos\Everis-Microservicios\Proyectos\Workspace2\YankiService)
2022-06-01 00:41:53,081 INFO org.springframework.boot.SpringApplication [restartedMain] No active profile set, falling back to 1 default profile: "default"
2022-06-01 00:42:07,547 INFO org.springframework.boot.StartupInfoLogger [restartedMain] Started YankiApplication in 15.894 seconds (JVM running for 16.567)
2022-06-01 00:43:48,118 INFO org.springframework.boot.StartupInfoLogger [restartedMain] Starting YankiApplication using Java 11.0.15 on CristianM with PID 39748 (C:\Cristian\Cursos\Everis-Microservicios\Proyectos\Workspace2\YankiService\target\classes started by Cristian Muñoz in C:\Cristian\Cursos\Everis-Microservicios\Proyectos\Workspace2\YankiService)
2022-06-01 00:43:48,119 INFO org.springframework.boot.SpringApplication [restartedMain] No active profile set, falling back to 1 default profile: "default"
2022-06-01 00:44:02,379 INFO org.springframework.boot.StartupInfoLogger [restartedMain] Started YankiApplication in 16.069 seconds (JVM running for 16.718)
2022-06-01 00:49:19,671 INFO org.springframework.boot.StartupInfoLogger [restartedMain] Starting YankiApplication using Java 11.0.15 on CristianM with PID 32440 (C:\Cristian\Cursos\Everis-Microservicios\Proyectos\Workspace2\YankiService\target\classes started by Cristian Muñoz in C:\Cristian\Cursos\Everis-Microservicios\Proyectos\Workspace2\YankiService)
2022-06-01 00:49:19,672 INFO org.springframework.boot.SpringApplication [restartedMain] No active profile set, falling back to 1 default profile: "default"
2022-06-01 00:49:35,618 INFO org.springframework.boot.StartupInfoLogger [restartedMain] Started YankiApplication in 17.309 seconds (JVM running for 18.003)
2022-06-01 00:55:07,965 INFO org.springframework.boot.StartupInfoLogger [restartedMain] Starting YankiApplication using Java 11.0.15 on CristianM with PID 35048 (C:\Cristian\Cursos\Everis-Microservicios\Proyectos\Workspace2\YankiService\target\classes started by Cristian Muñoz in C:\Cristian\Cursos\Everis-Microservicios\Proyectos\Workspace2\YankiService)
2022-06-01 00:55:07,966 INFO org.springframework.boot.SpringApplication [restartedMain] No active profile set, falling back to 1 default profile: "default"
2022-06-01 00:55:22,506 INFO org.springframework.boot.StartupInfoLogger [restartedMain] Started YankiApplication in 15.929 seconds (JVM running for 16.614)
2022-06-01 00:57:02,863 INFO com.group7.yanki.serviceimpl.ListenService [redisson-netty-3-7] amountFrom: 2250.0
2022-06-01 00:57:02,864 INFO com.group7.yanki.serviceimpl.ListenService [redisson-netty-3-7] amountTo: 2137.5
2022-06-01 00:57:07,071 INFO com.group7.yanki.serviceimpl.ListenService [nioEventLoopGroup-6-7] Account from: Yanki(id=6296f8c50c194e061f7cf432, from=991111112, to=991111111, amount=null, date=2021-05-31, paymentType=yanki, status=approved, quantity=5.0, sellRate=0.05, unitPrice=450.0)
2022-06-01 00:58:38,939 INFO com.group7.yanki.serviceimpl.ListenService [redisson-netty-3-26] amountFrom: 2250.0
2022-06-01 00:58:38,939 INFO com.group7.yanki.serviceimpl.ListenService [redisson-netty-3-26] amountTo: 2137.5
2022-06-01 00:58:39,132 INFO com.group7.yanki.serviceimpl.ListenService [nioEventLoopGroup-6-7] Account from: Yanki(id=6296f8c50c194e061f7cf432, from=991111112, to=991111111, amount=null, date=2021-05-31, paymentType=yanki, status=approved, quantity=5.0, sellRate=0.05, unitPrice=450.0)
2022-06-01 00:59:08,690 INFO com.group7.yanki.serviceimpl.ListenService [redisson-netty-3-7] amountFrom: 2250.0
2022-06-01 00:59:08,690 INFO com.group7.yanki.serviceimpl.ListenService [redisson-netty-3-7] amountTo: 2137.5
2022-06-01 00:59:08,880 INFO com.group7.yanki.serviceimpl.ListenService [nioEventLoopGroup-6-7] Account from: Yanki(id=6296f8c50c194e061f7cf432, from=991111112, to=991111111, amount=null, date=2021-05-31, paymentType=yanki, status=approved, quantity=5.0, sellRate=0.05, unitPrice=450.0)
2022-06-01 01:17:29,473 INFO org.springframework.boot.StartupInfoLogger [restartedMain] Starting YankiApplication using Java 11.0.15 on CristianM with PID 23152 (C:\Cristian\Cursos\Everis-Microservicios\Proyectos\Workspace2\YankiService\target\classes started by Cristian Muñoz in C:\Cristian\Cursos\Everis-Microservicios\Proyectos\Workspace2\YankiService)
2022-06-01 01:17:29,475 INFO org.springframework.boot.SpringApplication [restartedMain] No active profile set, falling back to 1 default profile: "default"
2022-06-01 01:17:43,980 INFO org.springframework.boot.StartupInfoLogger [restartedMain] Started YankiApplication in 15.888 seconds (JVM running for 16.576)
2022-06-01 01:23:34,014 INFO org.springframework.boot.StartupInfoLogger [restartedMain] Starting YankiApplication using Java 11.0.15 on CristianM with PID 38080 (C:\Cristian\Cursos\Everis-Microservicios\Proyectos\Workspace2\YankiService\target\classes started by Cristian Muñoz in C:\Cristian\Cursos\Everis-Microservicios\Proyectos\Workspace2\YankiService)
2022-06-01 01:23:34,015 INFO org.springframework.boot.SpringApplication [restartedMain] No active profile set, falling back to 1 default profile: "default"
2022-06-01 01:23:48,708 INFO org.springframework.boot.StartupInfoLogger [restartedMain] Started YankiApplication in 16.554 seconds (JVM running for 17.229)
2022-06-01 01:25:01,898 INFO com.group7.yanki.serviceimpl.ListenService [nioEventLoopGroup-6-7] Account from: Yanki(id=6296f8c50c194e061f7cf432, from=991111112, to=991111111, amount=null, date=2021-05-31, paymentType=yanki, status=approved, quantity=5.0, sellRate=0.05, unitPrice=450.0)
2022-06-01 01:30:36,016 INFO org.springframework.boot.StartupInfoLogger [restartedMain] Starting YankiApplication using Java 11.0.15 on CristianM with PID 39880 (C:\Cristian\Cursos\Everis-Microservicios\Proyectos\Workspace2\YankiService\target\classes started by Cristian Muñoz in C:\Cristian\Cursos\Everis-Microservicios\Proyectos\Workspace2\YankiService)
2022-06-01 01:30:36,017 INFO org.springframework.boot.SpringApplication [restartedMain] No active profile set, falling back to 1 default profile: "default"
2022-06-01 01:30:50,701 INFO org.springframework.boot.StartupInfoLogger [restartedMain] Started YankiApplication in 16.352 seconds (JVM running for 17.028)
2022-06-01 01:31:43,819 INFO com.group7.yanki.serviceimpl.ListenService [nioEventLoopGroup-6-7] Account from: Yanki(id=629707ae208f09289570ddfa, from=991111112, to=991111111, amount=null, date=2021-05-31, paymentType=yanki, status=pending, quantity=5.0, sellRate=0.05, unitPrice=450.0)
2022-06-01 01:31:50,729 INFO com.group7.yanki.serviceimpl.ListenService [nioEventLoopGroup-6-7] Account from: Yanki(id=629707ae208f09289570ddfa, from=991111112, to=991111111, amount=null, date=2021-05-31, paymentType=yanki, status=approved, quantity=5.0, sellRate=0.05, unitPrice=450.0)
2022-06-01 01:34:08,933 INFO com.group7.yanki.serviceimpl.AccountServiceImpl [nioEventLoopGroup-6-7] Created new account with phone: 999887777
2022-06-01 01:34:51,511 INFO com.group7.yanki.serviceimpl.AccountServiceImpl [nioEventLoopGroup-6-7] Created new account with phone: 999887771
2022-06-01 01:35:18,046 INFO com.group7.yanki.serviceimpl.AccountServiceImpl [nioEventLoopGroup-6-7] Updated account with phone: 991111225
2022-06-01 01:35:36,616 INFO com.group7.yanki.serviceimpl.AccountServiceImpl [nioEventLoopGroup-6-7] Updated account with phone: 999887777
2022-06-01 01:35:44,240 INFO com.group7.yanki.serviceimpl.AccountServiceImpl [nioEventLoopGroup-6-7] Updated account with phone: 991111225
2022-06-01 01:36:38,710 INFO org.springframework.boot.StartupInfoLogger [restartedMain] Starting YankiApplication using Java 11.0.15 on CristianM with PID 25804 (C:\Cristian\Cursos\Everis-Microservicios\Proyectos\Workspace2\YankiService\target\classes started by Cristian Muñoz in C:\Cristian\Cursos\Everis-Microservicios\Proyectos\Workspace2\YankiService)
2022-06-01 01:36:38,712 INFO org.springframework.boot.SpringApplication [restartedMain] No active profile set, falling back to 1 default profile: "default"
2022-06-01 01:36:53,175 INFO org.springframework.boot.StartupInfoLogger [restartedMain] Started YankiApplication in 15.9 seconds (JVM running for 16.591)
2022-06-01 01:37:40,693 INFO org.springframework.boot.StartupInfoLogger [restartedMain] Starting YankiApplication using Java 11.0.15 on CristianM with PID 27724 (C:\Cristian\Cursos\Everis-Microservicios\Proyectos\Workspace2\YankiService\target\classes started by Cristian Muñoz in C:\Cristian\Cursos\Everis-Microservicios\Proyectos\Workspace2\YankiService)
2022-06-01 01:37:40,695 INFO org.springframework.boot.SpringApplication [restartedMain] No active profile set, falling back to 1 default profile: "default"
2022-06-01 01:37:55,269 INFO org.springframework.boot.StartupInfoLogger [restartedMain] Started YankiApplication in 16.423 seconds (JVM running for 17.122)
2022-06-01 01:37:58,953 ERROR com.group7.yanki.serviceimpl.AccountServiceImpl [nioEventLoopGroup-6-7] Error creating new Account 
com.group7.yanki.exception.account.AccountCreationException: Phone already created
	at com.group7.yanki.serviceimpl.AccountServiceImpl.lambda$save$16(AccountServiceImpl.java:101)
	at reactor.core.publisher.Mono.lambda$onErrorMap$31(Mono.java:3733)
	at reactor.core.publisher.FluxOnErrorResume$ResumeSubscriber.onError(FluxOnErrorResume.java:94)
	at reactor.core.publisher.FluxMapFuseable$MapFuseableSubscriber.onError(FluxMapFuseable.java:142)
	at reactor.core.publisher.MonoFlatMap$FlatMapMain.onError(MonoFlatMap.java:172)
	at reactor.core.publisher.FluxMapFuseable$MapFuseableSubscriber.onError(FluxMapFuseable.java:142)
	at reactor.core.publisher.MonoFlatMap$FlatMapMain.onNext(MonoFlatMap.java:142)
	at reactor.core.publisher.Operators$MonoSubscriber.complete(Operators.java:1816)
	at reactor.core.publisher.MonoHasElements$HasElementsSubscriber.onNext(MonoHasElements.java:82)
	at reactor.core.publisher.FluxUsingWhen$UsingWhenSubscriber.onNext(FluxUsingWhen.java:345)
	at reactor.core.publisher.FluxOnErrorResume$ResumeSubscriber.onNext(FluxOnErrorResume.java:79)
	at reactor.core.publisher.MonoFlatMapMany$FlatMapManyInner.onNext(MonoFlatMapMany.java:250)
	at reactor.core.publisher.FluxConcatMap$ConcatMapImmediate.drain(FluxConcatMap.java:431)
	at reactor.core.publisher.FluxConcatMap$ConcatMapImmediate.onNext(FluxConcatMap.java:251)
	at reactor.core.publisher.FluxCreate$BufferAsyncSink.drain(FluxCreate.java:814)
	at reactor.core.publisher.FluxCreate$BufferAsyncSink.next(FluxCreate.java:739)
	at reactor.core.publisher.FluxCreate$SerializedFluxSink.next(FluxCreate.java:161)
	at java.base/java.util.ArrayList.forEach(ArrayList.java:1541)
	at com.mongodb.reactivestreams.client.internal.BatchCursorFlux.lambda$recurseCursor$4(BatchCursorFlux.java:94)
	at reactor.core.publisher.MonoPeekTerminal$MonoTerminalPeekSubscriber.onNext(MonoPeekTerminal.java:171)
	at reactor.core.publisher.MonoPeekTerminal$MonoTerminalPeekSubscriber.onNext(MonoPeekTerminal.java:180)
	at reactor.core.publisher.FluxPeekFuseable$PeekConditionalSubscriber.onNext(FluxPeekFuseable.java:854)
	at reactor.core.publisher.MonoCreate$DefaultMonoSink.success(MonoCreate.java:172)
	at com.mongodb.reactivestreams.client.internal.MongoOperationPublisher.lambda$sinkToCallback$30(MongoOperationPublisher.java:549)
	at com.mongodb.internal.operation.AsyncQueryBatchCursor.next(AsyncQueryBatchCursor.java:174)
	at com.mongodb.reactivestreams.client.internal.BatchCursor.lambda$next$0(BatchCursor.java:35)
	at reactor.core.publisher.MonoCreate.subscribe(MonoCreate.java:58)
	at reactor.core.publisher.Mono.subscribe(Mono.java:4400)
	at reactor.core.publisher.Mono.subscribeWith(Mono.java:4515)
	at reactor.core.publisher.Mono.subscribe(Mono.java:4232)
	at com.mongodb.reactivestreams.client.internal.BatchCursorFlux.recurseCursor(BatchCursorFlux.java:104)
	at com.mongodb.reactivestreams.client.internal.BatchCursorFlux.lambda$subscribe$0(BatchCursorFlux.java:56)
	at reactor.core.publisher.LambdaMonoSubscriber.onNext(LambdaMonoSubscriber.java:171)
	at reactor.core.publisher.FluxMap$MapSubscriber.onNext(FluxMap.java:122)
	at reactor.core.publisher.MonoNext$NextSubscriber.onNext(MonoNext.java:82)
	at reactor.core.publisher.MonoNext$NextSubscriber.onNext(MonoNext.java:82)
	at reactor.core.publisher.Operators$MonoSubscriber.complete(Operators.java:1816)
	at reactor.core.publisher.MonoFlatMap$FlatMapInner.onNext(MonoFlatMap.java:249)
	at reactor.core.publisher.MonoPeekTerminal$MonoTerminalPeekSubscriber.onNext(MonoPeekTerminal.java:180)
	at reactor.core.publisher.MonoCreate$DefaultMonoSink.success(MonoCreate.java:172)
	at com.mongodb.reactivestreams.client.internal.MongoOperationPublisher.lambda$sinkToCallback$30(MongoOperationPublisher.java:549)
	at com.mongodb.reactivestreams.client.internal.OperationExecutorImpl.lambda$execute$2(OperationExecutorImpl.java:92)
	at com.mongodb.internal.async.ErrorHandlingResultCallback.onResult(ErrorHandlingResultCallback.java:48)
	at com.mongodb.internal.async.function.AsyncCallbackSupplier.lambda$whenComplete$1(AsyncCallbackSupplier.java:95)
	at com.mongodb.internal.async.function.RetryingAsyncCallbackSupplier$RetryingCallback.onResult(RetryingAsyncCallbackSupplier.java:114)
	at com.mongodb.internal.async.ErrorHandlingResultCallback.onResult(ErrorHandlingResultCallback.java:48)
	at com.mongodb.internal.async.function.AsyncCallbackSupplier.lambda$whenComplete$1(AsyncCallbackSupplier.java:95)
	at com.mongodb.internal.async.ErrorHandlingResultCallback.onResult(ErrorHandlingResultCallback.java:48)
	at com.mongodb.internal.async.function.AsyncCallbackSupplier.lambda$whenComplete$1(AsyncCallbackSupplier.java:95)
	at com.mongodb.internal.operation.FindOperation$2.onResult(FindOperation.java:792)
	at com.mongodb.internal.operation.CommandOperationHelper.lambda$transformingReadCallback$10(CommandOperationHelper.java:331)
	at com.mongodb.internal.async.ErrorHandlingResultCallback.onResult(ErrorHandlingResultCallback.java:48)
	at com.mongodb.internal.connection.DefaultServer$DefaultServerProtocolExecutor$2.onResult(DefaultServer.java:276)
	at com.mongodb.internal.async.ErrorHandlingResultCallback.onResult(ErrorHandlingResultCallback.java:48)
	at com.mongodb.internal.connection.CommandProtocolImpl$1.onResult(CommandProtocolImpl.java:84)
	at com.mongodb.internal.connection.DefaultConnectionPool$PooledConnection$1.onResult(DefaultConnectionPool.java:684)
	at com.mongodb.internal.connection.UsageTrackingInternalConnection$2.onResult(UsageTrackingInternalConnection.java:159)
	at com.mongodb.internal.async.ErrorHandlingResultCallback.onResult(ErrorHandlingResultCallback.java:48)
	at com.mongodb.internal.connection.InternalStreamConnection$2$1.onResult(InternalStreamConnection.java:521)
	at com.mongodb.internal.connection.InternalStreamConnection$2$1.onResult(InternalStreamConnection.java:498)
	at com.mongodb.internal.connection.InternalStreamConnection$MessageHeaderCallback$MessageCallback.onResult(InternalStreamConnection.java:821)
	at com.mongodb.internal.connection.InternalStreamConnection$MessageHeaderCallback$MessageCallback.onResult(InternalStreamConnection.java:785)
	at com.mongodb.internal.connection.InternalStreamConnection$5.completed(InternalStreamConnection.java:645)
	at com.mongodb.internal.connection.InternalStreamConnection$5.completed(InternalStreamConnection.java:642)
	at com.mongodb.connection.netty.NettyStream.readAsync(NettyStream.java:319)
	at com.mongodb.connection.netty.NettyStream.readAsync(NettyStream.java:266)
	at com.mongodb.internal.connection.InternalStreamConnection.readAsync(InternalStreamConnection.java:642)
	at com.mongodb.internal.connection.InternalStreamConnection.access$600(InternalStreamConnection.java:86)
	at com.mongodb.internal.connection.InternalStreamConnection$MessageHeaderCallback.onResult(InternalStreamConnection.java:775)
	at com.mongodb.internal.connection.InternalStreamConnection$MessageHeaderCallback.onResult(InternalStreamConnection.java:760)
	at com.mongodb.internal.connection.InternalStreamConnection$5.completed(InternalStreamConnection.java:645)
	at com.mongodb.internal.connection.InternalStreamConnection$5.completed(InternalStreamConnection.java:642)
	at com.mongodb.connection.netty.NettyStream.readAsync(NettyStream.java:319)
	at com.mongodb.connection.netty.NettyStream.handleReadResponse(NettyStream.java:347)
	at com.mongodb.connection.netty.NettyStream.access$1100(NettyStream.java:105)
	at com.mongodb.connection.netty.NettyStream$InboundBufferHandler.channelRead0(NettyStream.java:421)
	at com.mongodb.connection.netty.NettyStream$InboundBufferHandler.channelRead0(NettyStream.java:418)
	at io.netty.channel.SimpleChannelInboundHandler.channelRead(SimpleChannelInboundHandler.java:99)
	at io.netty.channel.AbstractChannelHandlerContext.invokeChannelRead(AbstractChannelHandlerContext.java:379)
	at io.netty.channel.AbstractChannelHandlerContext.invokeChannelRead(AbstractChannelHandlerContext.java:365)
	at io.netty.channel.AbstractChannelHandlerContext.fireChannelRead(AbstractChannelHandlerContext.java:357)
	at io.netty.handler.ssl.SslHandler.unwrap(SslHandler.java:1372)
	at io.netty.handler.ssl.SslHandler.decodeJdkCompatible(SslHandler.java:1235)
	at io.netty.handler.ssl.SslHandler.decode(SslHandler.java:1284)
	at io.netty.handler.codec.ByteToMessageDecoder.decodeRemovalReentryProtection(ByteToMessageDecoder.java:510)
	at io.netty.handler.codec.ByteToMessageDecoder.callDecode(ByteToMessageDecoder.java:449)
	at io.netty.handler.codec.ByteToMessageDecoder.channelRead(ByteToMessageDecoder.java:279)
	at io.netty.channel.AbstractChannelHandlerContext.invokeChannelRead(AbstractChannelHandlerContext.java:379)
	at io.netty.channel.AbstractChannelHandlerContext.invokeChannelRead(AbstractChannelHandlerContext.java:365)
	at io.netty.channel.AbstractChannelHandlerContext.fireChannelRead(AbstractChannelHandlerContext.java:357)
	at io.netty.channel.DefaultChannelPipeline$HeadContext.channelRead(DefaultChannelPipeline.java:1410)
	at io.netty.channel.AbstractChannelHandlerContext.invokeChannelRead(AbstractChannelHandlerContext.java:379)
	at io.netty.channel.AbstractChannelHandlerContext.invokeChannelRead(AbstractChannelHandlerContext.java:365)
	at io.netty.channel.DefaultChannelPipeline.fireChannelRead(DefaultChannelPipeline.java:919)
	at io.netty.channel.nio.AbstractNioByteChannel$NioByteUnsafe.read(AbstractNioByteChannel.java:166)
	at io.netty.channel.nio.NioEventLoop.processSelectedKey(NioEventLoop.java:722)
	at io.netty.channel.nio.NioEventLoop.processSelectedKeysOptimized(NioEventLoop.java:658)
	at io.netty.channel.nio.NioEventLoop.processSelectedKeys(NioEventLoop.java:584)
	at io.netty.channel.nio.NioEventLoop.run(NioEventLoop.java:496)
	at io.netty.util.concurrent.SingleThreadEventExecutor$4.run(SingleThreadEventExecutor.java:995)
	at io.netty.util.internal.ThreadExecutorMap$2.run(ThreadExecutorMap.java:74)
	at io.netty.util.concurrent.FastThreadLocalRunnable.run(FastThreadLocalRunnable.java:30)
	at java.base/java.lang.Thread.run(Thread.java:834)
2022-06-01 01:38:02,966 INFO com.group7.yanki.serviceimpl.AccountServiceImpl [nioEventLoopGroup-6-7] Created new account with phone: 9123132213
2022-06-01 01:38:24,483 INFO com.group7.yanki.serviceimpl.AccountServiceImpl [nioEventLoopGroup-6-7] Created new account with phone: 9123132323
2022-06-01 01:42:10,874 INFO com.group7.yanki.serviceimpl.ListenService [redisson-netty-3-5] Account from: null
2022-06-01 01:45:15,357 INFO org.springframework.boot.StartupInfoLogger [restartedMain] Starting YankiApplication using Java 11.0.15 on CristianM with PID 37744 (C:\Cristian\Cursos\Everis-Microservicios\Proyectos\Workspace2\YankiService\target\classes started by Cristian Muñoz in C:\Cristian\Cursos\Everis-Microservicios\Proyectos\Workspace2\YankiService)
2022-06-01 01:45:15,358 INFO org.springframework.boot.SpringApplication [restartedMain] No active profile set, falling back to 1 default profile: "default"
2022-06-01 01:45:30,620 INFO org.springframework.boot.StartupInfoLogger [restartedMain] Started YankiApplication in 16.694 seconds (JVM running for 17.373)
2022-06-01 01:45:52,756 INFO com.group7.yanki.serviceimpl.AccountServiceImpl [nioEventLoopGroup-6-7] Created new account with phone: 92222233
2022-06-01 01:46:06,345 INFO com.group7.yanki.serviceimpl.AccountServiceImpl [nioEventLoopGroup-6-7] Created new account with phone: 922545423
2022-06-01 01:48:24,666 INFO com.group7.yanki.serviceimpl.ListenService [redisson-netty-3-10] Account from: null
2022-06-01 01:51:12,694 INFO com.group7.yanki.serviceimpl.ListenService [nioEventLoopGroup-6-7] Account from: Yanki(id=62970c55208f09289570ddff, from=92222233, to=922545423, amount=null, date=2021-05-31, paymentType=yanki, status=pending, quantity=5.0, sellRate=0.05, unitPrice=100.0)
2022-06-01 01:51:44,029 INFO com.group7.yanki.serviceimpl.AccountServiceImpl [nioEventLoopGroup-6-7] Updated account with phone: 92222233
2022-06-01 01:51:57,480 INFO com.group7.yanki.serviceimpl.AccountServiceImpl [nioEventLoopGroup-6-7] Updated account with phone: 922545423
2022-06-01 02:24:37,633 INFO com.group7.yanki.serviceimpl.ListenService [redisson-netty-3-26] Account from: null
2022-06-01 02:32:10,022 INFO org.springframework.boot.StartupInfoLogger [restartedMain] Starting YankiApplication using Java 11.0.15 on CristianM with PID 34788 (C:\Cristian\Cursos\Everis-Microservicios\Proyectos\Workspace2\YankiService\target\classes started by Cristian Muñoz in C:\Cristian\Cursos\Everis-Microservicios\Proyectos\Workspace2\YankiService)
2022-06-01 02:32:10,023 INFO org.springframework.boot.SpringApplication [restartedMain] No active profile set, falling back to 1 default profile: "default"
2022-06-01 02:32:31,789 INFO org.springframework.boot.StartupInfoLogger [restartedMain] Started YankiApplication in 23.229 seconds (JVM running for 23.909)
2022-06-01 02:36:14,900 INFO org.springframework.boot.StartupInfoLogger [restartedMain] Starting YankiApplication using Java 11.0.15 on CristianM with PID 31968 (C:\Cristian\Cursos\Everis-Microservicios\Proyectos\Workspace2\YankiService\target\classes started by Cristian Muñoz in C:\Cristian\Cursos\Everis-Microservicios\Proyectos\Workspace2\YankiService)
2022-06-01 02:36:14,901 INFO org.springframework.boot.SpringApplication [restartedMain] No active profile set, falling back to 1 default profile: "default"
2022-06-01 02:36:26,182 INFO org.springframework.boot.StartupInfoLogger [restartedMain] Started YankiApplication in 13.827 seconds (JVM running for 14.518)
2022-06-01 02:38:10,256 INFO com.group7.yanki.serviceimpl.ListenService [nioEventLoopGroup-6-7] Account from: Yanki(id=6297175480949b27be81a692, from=92222233, to=922545423, amount=null, date=2021-05-31, paymentType=yanki, status=pending, quantity=1.0, sellRate=0.05, unitPrice=100.0)
2022-06-01 02:40:05,677 ERROR com.group7.yanki.serviceimpl.AccountServiceImpl [nioEventLoopGroup-6-7] Account not found with phone: 9324436777
com.group7.yanki.exception.account.AccountNotFoundException: Account not found with phone: 9324436777
	at com.group7.yanki.serviceimpl.AccountServiceImpl.getByPhone(AccountServiceImpl.java:46)
	at com.group7.yanki.controller.AccountController.getAccount(AccountController.java:27)
	at java.base/jdk.internal.reflect.NativeMethodAccessorImpl.invoke0(Native Method)
	at java.base/jdk.internal.reflect.NativeMethodAccessorImpl.invoke(NativeMethodAccessorImpl.java:62)
	at java.base/jdk.internal.reflect.DelegatingMethodAccessorImpl.invoke(DelegatingMethodAccessorImpl.java:43)
	at java.base/java.lang.reflect.Method.invoke(Method.java:566)
	at org.springframework.web.reactive.result.method.InvocableHandlerMethod.lambda$invoke$0(InvocableHandlerMethod.java:144)
	at reactor.core.publisher.MonoFlatMap$FlatMapMain.onNext(MonoFlatMap.java:125)
	at reactor.core.publisher.Operators$MonoSubscriber.complete(Operators.java:1816)
	at reactor.core.publisher.MonoZip$ZipCoordinator.signal(MonoZip.java:251)
	at reactor.core.publisher.MonoZip$ZipInner.onNext(MonoZip.java:336)
	at reactor.core.publisher.MonoPeekTerminal$MonoTerminalPeekSubscriber.onNext(MonoPeekTerminal.java:180)
	at reactor.core.publisher.FluxDefaultIfEmpty$DefaultIfEmptySubscriber.onNext(FluxDefaultIfEmpty.java:101)
	at reactor.core.publisher.FluxSwitchIfEmpty$SwitchIfEmptySubscriber.onNext(FluxSwitchIfEmpty.java:74)
	at reactor.core.publisher.Operators$ScalarSubscription.request(Operators.java:2398)
	at reactor.core.publisher.Operators$MultiSubscriptionSubscriber.set(Operators.java:2194)
	at reactor.core.publisher.Operators$MultiSubscriptionSubscriber.onSubscribe(Operators.java:2068)
	at reactor.core.publisher.FluxFlatMap.trySubscribeScalarMap(FluxFlatMap.java:192)
	at reactor.core.publisher.MonoFlatMap.subscribeOrReturn(MonoFlatMap.java:53)
	at reactor.core.publisher.Mono.subscribe(Mono.java:4385)
	at reactor.core.publisher.MonoZip.subscribe(MonoZip.java:128)
	at reactor.core.publisher.InternalMonoOperator.subscribe(InternalMonoOperator.java:64)
	at reactor.core.publisher.MonoDefer.subscribe(MonoDefer.java:52)
	at reactor.core.publisher.MonoIgnoreThen$ThenIgnoreMain.subscribeNext(MonoIgnoreThen.java:240)
	at reactor.core.publisher.MonoIgnoreThen$ThenIgnoreMain.onComplete(MonoIgnoreThen.java:203)
	at reactor.core.publisher.MonoFlatMap$FlatMapMain.onComplete(MonoFlatMap.java:181)
	at reactor.core.publisher.Operators.complete(Operators.java:137)
	at reactor.core.publisher.MonoZip.subscribe(MonoZip.java:120)
	at reactor.core.publisher.Mono.subscribe(Mono.java:4400)
	at reactor.core.publisher.MonoIgnoreThen$ThenIgnoreMain.subscribeNext(MonoIgnoreThen.java:263)
	at reactor.core.publisher.MonoIgnoreThen.subscribe(MonoIgnoreThen.java:51)
	at reactor.core.publisher.InternalMonoOperator.subscribe(InternalMonoOperator.java:64)
	at reactor.core.publisher.MonoFlatMap$FlatMapMain.onNext(MonoFlatMap.java:157)
	at reactor.core.publisher.FluxSwitchIfEmpty$SwitchIfEmptySubscriber.onNext(FluxSwitchIfEmpty.java:74)
	at reactor.core.publisher.MonoNext$NextSubscriber.onNext(MonoNext.java:82)
	at reactor.core.publisher.FluxConcatMap$ConcatMapImmediate.innerNext(FluxConcatMap.java:282)
	at reactor.core.publisher.FluxConcatMap$ConcatMapInner.onNext(FluxConcatMap.java:863)
	at reactor.core.publisher.FluxMapFuseable$MapFuseableSubscriber.onNext(FluxMapFuseable.java:129)
	at reactor.core.publisher.MonoPeekTerminal$MonoTerminalPeekSubscriber.onNext(MonoPeekTerminal.java:180)
	at reactor.core.publisher.Operators$ScalarSubscription.request(Operators.java:2398)
	at reactor.core.publisher.MonoPeekTerminal$MonoTerminalPeekSubscriber.request(MonoPeekTerminal.java:139)
	at reactor.core.publisher.FluxMapFuseable$MapFuseableSubscriber.request(FluxMapFuseable.java:171)
	at reactor.core.publisher.Operators$MultiSubscriptionSubscriber.set(Operators.java:2194)
	at reactor.core.publisher.Operators$MultiSubscriptionSubscriber.onSubscribe(Operators.java:2068)
	at reactor.core.publisher.FluxMapFuseable$MapFuseableSubscriber.onSubscribe(FluxMapFuseable.java:96)
	at reactor.core.publisher.MonoPeekTerminal$MonoTerminalPeekSubscriber.onSubscribe(MonoPeekTerminal.java:152)
	at reactor.core.publisher.MonoJust.subscribe(MonoJust.java:55)
	at reactor.core.publisher.Mono.subscribe(Mono.java:4400)
	at reactor.core.publisher.FluxConcatMap$ConcatMapImmediate.drain(FluxConcatMap.java:451)
	at reactor.core.publisher.FluxConcatMap$ConcatMapImmediate.onSubscribe(FluxConcatMap.java:219)
	at reactor.core.publisher.FluxIterable.subscribe(FluxIterable.java:165)
	at reactor.core.publisher.FluxIterable.subscribe(FluxIterable.java:87)
	at reactor.core.publisher.InternalMonoOperator.subscribe(InternalMonoOperator.java:64)
	at reactor.core.publisher.MonoDefer.subscribe(MonoDefer.java:52)
	at reactor.core.publisher.InternalMonoOperator.subscribe(InternalMonoOperator.java:64)
	at reactor.core.publisher.MonoDefer.subscribe(MonoDefer.java:52)
	at reactor.core.publisher.InternalMonoOperator.subscribe(InternalMonoOperator.java:64)
	at reactor.core.publisher.MonoDefer.subscribe(MonoDefer.java:52)
	at reactor.core.publisher.Mono.subscribe(Mono.java:4400)
	at reactor.core.publisher.MonoIgnoreThen$ThenIgnoreMain.subscribeNext(MonoIgnoreThen.java:263)
	at reactor.core.publisher.MonoIgnoreThen.subscribe(MonoIgnoreThen.java:51)
	at reactor.core.publisher.InternalMonoOperator.subscribe(InternalMonoOperator.java:64)
	at reactor.core.publisher.MonoDeferContextual.subscribe(MonoDeferContextual.java:55)
	at reactor.netty.http.server.HttpServer$HttpServerHandle.onStateChange(HttpServer.java:967)
	at reactor.netty.ReactorNetty$CompositeConnectionObserver.onStateChange(ReactorNetty.java:677)
	at reactor.netty.transport.ServerTransport$ChildObserver.onStateChange(ServerTransport.java:478)
	at reactor.netty.http.server.HttpServerOperations.onInboundNext(HttpServerOperations.java:570)
	at reactor.netty.channel.ChannelOperationsHandler.channelRead(ChannelOperationsHandler.java:93)
	at io.netty.channel.AbstractChannelHandlerContext.invokeChannelRead(AbstractChannelHandlerContext.java:379)
	at io.netty.channel.AbstractChannelHandlerContext.invokeChannelRead(AbstractChannelHandlerContext.java:365)
	at io.netty.channel.AbstractChannelHandlerContext.fireChannelRead(AbstractChannelHandlerContext.java:357)
	at reactor.netty.http.server.HttpTrafficHandler.channelRead(HttpTrafficHandler.java:222)
	at io.netty.channel.AbstractChannelHandlerContext.invokeChannelRead(AbstractChannelHandlerContext.java:379)
	at io.netty.channel.AbstractChannelHandlerContext.invokeChannelRead(AbstractChannelHandlerContext.java:365)
	at io.netty.channel.AbstractChannelHandlerContext.fireChannelRead(AbstractChannelHandlerContext.java:357)
	at io.netty.channel.CombinedChannelDuplexHandler$DelegatingChannelHandlerContext.fireChannelRead(CombinedChannelDuplexHandler.java:436)
	at io.netty.handler.codec.ByteToMessageDecoder.fireChannelRead(ByteToMessageDecoder.java:327)
	at io.netty.handler.codec.ByteToMessageDecoder.channelRead(ByteToMessageDecoder.java:299)
	at io.netty.channel.CombinedChannelDuplexHandler.channelRead(CombinedChannelDuplexHandler.java:251)
	at io.netty.channel.AbstractChannelHandlerContext.invokeChannelRead(AbstractChannelHandlerContext.java:379)
	at io.netty.channel.AbstractChannelHandlerContext.invokeChannelRead(AbstractChannelHandlerContext.java:365)
	at io.netty.channel.AbstractChannelHandlerContext.fireChannelRead(AbstractChannelHandlerContext.java:357)
	at io.netty.channel.DefaultChannelPipeline$HeadContext.channelRead(DefaultChannelPipeline.java:1410)
	at io.netty.channel.AbstractChannelHandlerContext.invokeChannelRead(AbstractChannelHandlerContext.java:379)
	at io.netty.channel.AbstractChannelHandlerContext.invokeChannelRead(AbstractChannelHandlerContext.java:365)
	at io.netty.channel.DefaultChannelPipeline.fireChannelRead(DefaultChannelPipeline.java:919)
	at io.netty.channel.nio.AbstractNioByteChannel$NioByteUnsafe.read(AbstractNioByteChannel.java:166)
	at io.netty.channel.nio.NioEventLoop.processSelectedKey(NioEventLoop.java:722)
	at io.netty.channel.nio.NioEventLoop.processSelectedKeysOptimized(NioEventLoop.java:658)
	at io.netty.channel.nio.NioEventLoop.processSelectedKeys(NioEventLoop.java:584)
	at io.netty.channel.nio.NioEventLoop.run(NioEventLoop.java:496)
	at io.netty.util.concurrent.SingleThreadEventExecutor$4.run(SingleThreadEventExecutor.java:995)
	at io.netty.util.internal.ThreadExecutorMap$2.run(ThreadExecutorMap.java:74)
	at io.netty.util.concurrent.FastThreadLocalRunnable.run(FastThreadLocalRunnable.java:30)
	at java.base/java.lang.Thread.run(Thread.java:834)
2022-06-01 02:40:13,690 ERROR com.group7.yanki.serviceimpl.YankiServiceImpl [nioEventLoopGroup-6-7] Not found phone: 9324436777
com.group7.yanki.exception.account.AccountNotFoundException: Not found phone:9324436777
	at com.group7.yanki.serviceimpl.YankiServiceImpl.getByPhone(YankiServiceImpl.java:31)
	at com.group7.yanki.controller.YankiController.getYankiByPhone(YankiController.java:25)
	at java.base/jdk.internal.reflect.NativeMethodAccessorImpl.invoke0(Native Method)
	at java.base/jdk.internal.reflect.NativeMethodAccessorImpl.invoke(NativeMethodAccessorImpl.java:62)
	at java.base/jdk.internal.reflect.DelegatingMethodAccessorImpl.invoke(DelegatingMethodAccessorImpl.java:43)
	at java.base/java.lang.reflect.Method.invoke(Method.java:566)
	at org.springframework.web.reactive.result.method.InvocableHandlerMethod.lambda$invoke$0(InvocableHandlerMethod.java:144)
	at reactor.core.publisher.MonoFlatMap$FlatMapMain.onNext(MonoFlatMap.java:125)
	at reactor.core.publisher.Operators$MonoSubscriber.complete(Operators.java:1816)
	at reactor.core.publisher.MonoZip$ZipCoordinator.signal(MonoZip.java:251)
	at reactor.core.publisher.MonoZip$ZipInner.onNext(MonoZip.java:336)
	at reactor.core.publisher.MonoPeekTerminal$MonoTerminalPeekSubscriber.onNext(MonoPeekTerminal.java:180)
	at reactor.core.publisher.FluxDefaultIfEmpty$DefaultIfEmptySubscriber.onNext(FluxDefaultIfEmpty.java:101)
	at reactor.core.publisher.FluxSwitchIfEmpty$SwitchIfEmptySubscriber.onNext(FluxSwitchIfEmpty.java:74)
	at reactor.core.publisher.Operators$ScalarSubscription.request(Operators.java:2398)
	at reactor.core.publisher.Operators$MultiSubscriptionSubscriber.set(Operators.java:2194)
	at reactor.core.publisher.Operators$MultiSubscriptionSubscriber.onSubscribe(Operators.java:2068)
	at reactor.core.publisher.FluxFlatMap.trySubscribeScalarMap(FluxFlatMap.java:192)
	at reactor.core.publisher.MonoFlatMap.subscribeOrReturn(MonoFlatMap.java:53)
	at reactor.core.publisher.Mono.subscribe(Mono.java:4385)
	at reactor.core.publisher.MonoZip.subscribe(MonoZip.java:128)
	at reactor.core.publisher.InternalMonoOperator.subscribe(InternalMonoOperator.java:64)
	at reactor.core.publisher.MonoDefer.subscribe(MonoDefer.java:52)
	at reactor.core.publisher.MonoIgnoreThen$ThenIgnoreMain.subscribeNext(MonoIgnoreThen.java:240)
	at reactor.core.publisher.MonoIgnoreThen$ThenIgnoreMain.onComplete(MonoIgnoreThen.java:203)
	at reactor.core.publisher.MonoFlatMap$FlatMapMain.onComplete(MonoFlatMap.java:181)
	at reactor.core.publisher.Operators.complete(Operators.java:137)
	at reactor.core.publisher.MonoZip.subscribe(MonoZip.java:120)
	at reactor.core.publisher.Mono.subscribe(Mono.java:4400)
	at reactor.core.publisher.MonoIgnoreThen$ThenIgnoreMain.subscribeNext(MonoIgnoreThen.java:263)
	at reactor.core.publisher.MonoIgnoreThen.subscribe(MonoIgnoreThen.java:51)
	at reactor.core.publisher.InternalMonoOperator.subscribe(InternalMonoOperator.java:64)
	at reactor.core.publisher.MonoFlatMap$FlatMapMain.onNext(MonoFlatMap.java:157)
	at reactor.core.publisher.FluxSwitchIfEmpty$SwitchIfEmptySubscriber.onNext(FluxSwitchIfEmpty.java:74)
	at reactor.core.publisher.MonoNext$NextSubscriber.onNext(MonoNext.java:82)
	at reactor.core.publisher.FluxConcatMap$ConcatMapImmediate.innerNext(FluxConcatMap.java:282)
	at reactor.core.publisher.FluxConcatMap$ConcatMapInner.onNext(FluxConcatMap.java:863)
	at reactor.core.publisher.FluxMapFuseable$MapFuseableSubscriber.onNext(FluxMapFuseable.java:129)
	at reactor.core.publisher.MonoPeekTerminal$MonoTerminalPeekSubscriber.onNext(MonoPeekTerminal.java:180)
	at reactor.core.publisher.Operators$ScalarSubscription.request(Operators.java:2398)
	at reactor.core.publisher.MonoPeekTerminal$MonoTerminalPeekSubscriber.request(MonoPeekTerminal.java:139)
	at reactor.core.publisher.FluxMapFuseable$MapFuseableSubscriber.request(FluxMapFuseable.java:171)
	at reactor.core.publisher.Operators$MultiSubscriptionSubscriber.set(Operators.java:2194)
	at reactor.core.publisher.Operators$MultiSubscriptionSubscriber.onSubscribe(Operators.java:2068)
	at reactor.core.publisher.FluxMapFuseable$MapFuseableSubscriber.onSubscribe(FluxMapFuseable.java:96)
	at reactor.core.publisher.MonoPeekTerminal$MonoTerminalPeekSubscriber.onSubscribe(MonoPeekTerminal.java:152)
	at reactor.core.publisher.MonoJust.subscribe(MonoJust.java:55)
	at reactor.core.publisher.Mono.subscribe(Mono.java:4400)
	at reactor.core.publisher.FluxConcatMap$ConcatMapImmediate.drain(FluxConcatMap.java:451)
	at reactor.core.publisher.FluxConcatMap$ConcatMapImmediate.onSubscribe(FluxConcatMap.java:219)
	at reactor.core.publisher.FluxIterable.subscribe(FluxIterable.java:165)
	at reactor.core.publisher.FluxIterable.subscribe(FluxIterable.java:87)
	at reactor.core.publisher.InternalMonoOperator.subscribe(InternalMonoOperator.java:64)
	at reactor.core.publisher.MonoDefer.subscribe(MonoDefer.java:52)
	at reactor.core.publisher.InternalMonoOperator.subscribe(InternalMonoOperator.java:64)
	at reactor.core.publisher.MonoDefer.subscribe(MonoDefer.java:52)
	at reactor.core.publisher.InternalMonoOperator.subscribe(InternalMonoOperator.java:64)
	at reactor.core.publisher.MonoDefer.subscribe(MonoDefer.java:52)
	at reactor.core.publisher.Mono.subscribe(Mono.java:4400)
	at reactor.core.publisher.MonoIgnoreThen$ThenIgnoreMain.subscribeNext(MonoIgnoreThen.java:263)
	at reactor.core.publisher.MonoIgnoreThen.subscribe(MonoIgnoreThen.java:51)
	at reactor.core.publisher.InternalMonoOperator.subscribe(InternalMonoOperator.java:64)
	at reactor.core.publisher.MonoDeferContextual.subscribe(MonoDeferContextual.java:55)
	at reactor.netty.http.server.HttpServer$HttpServerHandle.onStateChange(HttpServer.java:967)
	at reactor.netty.ReactorNetty$CompositeConnectionObserver.onStateChange(ReactorNetty.java:677)
	at reactor.netty.transport.ServerTransport$ChildObserver.onStateChange(ServerTransport.java:478)
	at reactor.netty.http.server.HttpServerOperations.onInboundNext(HttpServerOperations.java:570)
	at reactor.netty.channel.ChannelOperationsHandler.channelRead(ChannelOperationsHandler.java:93)
	at io.netty.channel.AbstractChannelHandlerContext.invokeChannelRead(AbstractChannelHandlerContext.java:379)
	at io.netty.channel.AbstractChannelHandlerContext.invokeChannelRead(AbstractChannelHandlerContext.java:365)
	at io.netty.channel.AbstractChannelHandlerContext.fireChannelRead(AbstractChannelHandlerContext.java:357)
	at reactor.netty.http.server.HttpTrafficHandler.channelRead(HttpTrafficHandler.java:222)
	at io.netty.channel.AbstractChannelHandlerContext.invokeChannelRead(AbstractChannelHandlerContext.java:379)
	at io.netty.channel.AbstractChannelHandlerContext.invokeChannelRead(AbstractChannelHandlerContext.java:365)
	at io.netty.channel.AbstractChannelHandlerContext.fireChannelRead(AbstractChannelHandlerContext.java:357)
	at io.netty.channel.CombinedChannelDuplexHandler$DelegatingChannelHandlerContext.fireChannelRead(CombinedChannelDuplexHandler.java:436)
	at io.netty.handler.codec.ByteToMessageDecoder.fireChannelRead(ByteToMessageDecoder.java:327)
	at io.netty.handler.codec.ByteToMessageDecoder.fireChannelRead(ByteToMessageDecoder.java:314)
	at io.netty.handler.codec.ByteToMessageDecoder.callDecode(ByteToMessageDecoder.java:435)
	at io.netty.handler.codec.ByteToMessageDecoder.channelRead(ByteToMessageDecoder.java:279)
	at io.netty.channel.CombinedChannelDuplexHandler.channelRead(CombinedChannelDuplexHandler.java:251)
	at io.netty.channel.AbstractChannelHandlerContext.invokeChannelRead(AbstractChannelHandlerContext.java:379)
	at io.netty.channel.AbstractChannelHandlerContext.invokeChannelRead(AbstractChannelHandlerContext.java:365)
	at io.netty.channel.AbstractChannelHandlerContext.fireChannelRead(AbstractChannelHandlerContext.java:357)
	at io.netty.channel.DefaultChannelPipeline$HeadContext.channelRead(DefaultChannelPipeline.java:1410)
	at io.netty.channel.AbstractChannelHandlerContext.invokeChannelRead(AbstractChannelHandlerContext.java:379)
	at io.netty.channel.AbstractChannelHandlerContext.invokeChannelRead(AbstractChannelHandlerContext.java:365)
	at io.netty.channel.DefaultChannelPipeline.fireChannelRead(DefaultChannelPipeline.java:919)
	at io.netty.channel.nio.AbstractNioByteChannel$NioByteUnsafe.read(AbstractNioByteChannel.java:166)
	at io.netty.channel.nio.NioEventLoop.processSelectedKey(NioEventLoop.java:722)
	at io.netty.channel.nio.NioEventLoop.processSelectedKeysOptimized(NioEventLoop.java:658)
	at io.netty.channel.nio.NioEventLoop.processSelectedKeys(NioEventLoop.java:584)
	at io.netty.channel.nio.NioEventLoop.run(NioEventLoop.java:496)
	at io.netty.util.concurrent.SingleThreadEventExecutor$4.run(SingleThreadEventExecutor.java:995)
	at io.netty.util.internal.ThreadExecutorMap$2.run(ThreadExecutorMap.java:74)
	at io.netty.util.concurrent.FastThreadLocalRunnable.run(FastThreadLocalRunnable.java:30)
	at java.base/java.lang.Thread.run(Thread.java:834)
2022-06-01 12:01:54,127 INFO org.springframework.boot.StartupInfoLogger [main] Starting YankiApplicationTests using Java 11.0.15 on CristianM with PID 34560 (started by Cristian Muñoz in C:\Cristian\Cursos\Everis-Microservicios\Proyectos\Workspace2\YankiService)
2022-06-01 12:01:54,130 INFO org.springframework.boot.SpringApplication [main] No active profile set, falling back to 1 default profile: "default"
2022-06-01 12:02:13,342 INFO org.springframework.boot.StartupInfoLogger [main] Started YankiApplicationTests in 21.09 seconds (JVM running for 23.216)
2022-06-01 12:06:30,924 INFO org.springframework.boot.StartupInfoLogger [main] Starting YankiApplicationTests using Java 11.0.15 on CristianM with PID 29704 (started by Cristian Muñoz in C:\Cristian\Cursos\Everis-Microservicios\Proyectos\Workspace2\YankiService)
2022-06-01 12:06:30,926 INFO org.springframework.boot.SpringApplication [main] No active profile set, falling back to 1 default profile: "default"
2022-06-01 12:06:48,959 INFO org.springframework.boot.StartupInfoLogger [main] Started YankiApplicationTests in 19.941 seconds (JVM running for 22.309)
2022-06-01 12:22:12,189 INFO org.springframework.boot.StartupInfoLogger [restartedMain] Starting YankiApplication using Java 11.0.15 on CristianM with PID 10880 (C:\Cristian\Cursos\Everis-Microservicios\Proyectos\Workspace2\YankiService\target\classes started by Cristian Muñoz in C:\Cristian\Cursos\Everis-Microservicios\Proyectos\Workspace2\YankiService)
2022-06-01 12:22:12,191 INFO org.springframework.boot.SpringApplication [restartedMain] No active profile set, falling back to 1 default profile: "default"
2022-06-01 12:22:25,244 INFO org.springframework.boot.StartupInfoLogger [restartedMain] Started YankiApplication in 15.534 seconds (JVM running for 16.862)
